<?xml version="1.0" encoding="UTF-8"?>
<testsuite name="TestSuite" time="1.217" tests="6" errors="0" skipped="0" failures="6">
  <properties>
    <property name="java.runtime.name" value="Java(TM) SE Runtime Environment"/>
    <property name="java.vm.version" value="10.0.2+13"/>
    <property name="sun.boot.library.path" value="C:\Program Files\Java\jdk-10.0.2\bin"/>
    <property name="maven.multiModuleProjectDirectory" value="C:\Users\Pauus\eclipse-workspace\TwitterApi"/>
    <property name="java.vm.vendor" value="&quot;Oracle Corporation&quot;"/>
    <property name="java.vendor.url" value="http://java.oracle.com/"/>
    <property name="guice.disable.misplaced.annotation.check" value="true"/>
    <property name="path.separator" value=";"/>
    <property name="java.vm.name" value="Java HotSpot(TM) 64-Bit Server VM"/>
    <property name="file.encoding.pkg" value="sun.io"/>
    <property name="sun.os.patch.level" value="Service Pack 1"/>
    <property name="user.script" value=""/>
    <property name="user.country" value="US"/>
    <property name="sun.java.launcher" value="SUN_STANDARD"/>
    <property name="java.vm.specification.name" value="Java Virtual Machine Specification"/>
    <property name="user.dir" value="C:\Users\Pauus\eclipse-workspace\TwitterApi"/>
    <property name="java.vm.compressedOopsMode" value="32-bit"/>
    <property name="java.runtime.version" value="10.0.2+13"/>
    <property name="java.awt.graphicsenv" value="sun.awt.Win32GraphicsEnvironment"/>
    <property name="os.arch" value="amd64"/>
    <property name="java.io.tmpdir" value="C:\Users\Pauus\AppData\Local\Temp\"/>
    <property name="line.separator" value="&#10;"/>
    <property name="java.vm.specification.vendor" value="Oracle Corporation"/>
    <property name="user.variant" value=""/>
    <property name="os.name" value="Windows 7"/>
    <property name="classworlds.conf" value="C:\Program Files\apache-maven-3.5.4\bin\..\bin\m2.conf"/>
    <property name="sun.jnu.encoding" value="Cp1252"/>
    <property name="java.library.path" value="C:\Program Files\Java\jdk-10.0.2\bin;C:\Windows\Sun\Java\bin;C:\Windows\system32;C:\Windows;C:\Program Files\apache-maven-3.5.4/bin;C:\Program Files\Java\jdk-10.0.2/bin;C:\Program Files\Java\jdk-10.0.2/bin;E:\Python\Scripts\;E:\Python\;C:\Program Files\Java\jdk1.8.0_181\bin;C:\Program Files (x86)\Intel\iCLS Client\;C:\Program Files\Intel\iCLS Client\;C:\Windows\system32;C:\Windows;C:\Windows\System32\Wbem;C:\Windows\System32\WindowsPowerShell\v1.0\;C:\Android;C:\Windows\System32;C:\Program Files\Intel\WiFi\bin\;C:\Program Files\Common Files\Intel\WirelessCommon\;C:\Program Files\Intel\Intel(R) Management Engine Components\DAL;C:\Program Files\Intel\Intel(R) Management Engine Components\IPT;C:\Program Files (x86)\Intel\Intel(R) Management Engine Components\DAL;C:\Program Files (x86)\Intel\Intel(R) Management Engine Components\IPT;C:\Program Files (x86)\Intel\OpenCL SDK\2.0\bin\x86;C:\Program Files (x86)\Intel\OpenCL SDK\2.0\bin\x64;C:\Program Files\apache-maven-3.5.4\bin;C:\Users\Pauus\AppData\Local\Android\Sdk\tools\bin;C:\Users\Pauus\AppData\Local\Android\Sdk\tools;C:\Users\Pauus\AppData\Local\Android\Sdk\platform-tools;C:\Program Files\nodejs\;C:\Program Files\nodejs\node_modules\npm\bin;E:\Learning\axis2-1.6.2\axis2-1.6.2\bin;C:\Program Files\Git\cmd;C:\Users\Pauus\AppData\Roaming\npm;E:\Python\PyCharm Community Edition 2019.3\bin;E:\Python\Setup;E:\Python\Setup\Scripts;."/>
    <property name="maven.conf" value="C:\Program Files\apache-maven-3.5.4\bin\../conf"/>
    <property name="jdk.debug" value="release"/>
    <property name="java.class.version" value="54.0"/>
    <property name="java.specification.name" value="Java Platform API Specification"/>
    <property name="sun.management.compiler" value="HotSpot 64-Bit Tiered Compilers"/>
    <property name="os.version" value="6.1"/>
    <property name="library.jansi.path" value="C:\Program Files\apache-maven-3.5.4\bin\..\lib\jansi-native"/>
    <property name="user.home" value="C:\Users\Pauus"/>
    <property name="user.timezone" value="Europe/Berlin"/>
    <property name="java.awt.printerjob" value="sun.awt.windows.WPrinterJob"/>
    <property name="file.encoding" value="Cp1252"/>
    <property name="java.specification.version" value="10"/>
    <property name="user.name" value="Pauus"/>
    <property name="java.class.path" value="C:\Program Files\apache-maven-3.5.4\bin\..\boot\plexus-classworlds-2.5.2.jar"/>
    <property name="java.vm.specification.version" value="10"/>
    <property name="sun.arch.data.model" value="64"/>
    <property name="sun.java.command" value="org.codehaus.plexus.classworlds.launcher.Launcher test"/>
    <property name="java.home" value="C:\Program Files\Java\jdk-10.0.2"/>
    <property name="user.language" value="en"/>
    <property name="java.specification.vendor" value="Oracle Corporation"/>
    <property name="awt.toolkit" value="sun.awt.windows.WToolkit"/>
    <property name="java.vm.info" value="mixed mode"/>
    <property name="java.version" value="10.0.2"/>
    <property name="java.vendor" value="Oracle Corporation"/>
    <property name="maven.home" value="C:\Program Files\apache-maven-3.5.4\bin\.."/>
    <property name="file.separator" value="\"/>
    <property name="java.version.date" value="2018-07-17"/>
    <property name="java.vendor.url.bug" value="http://bugreport.java.com/bugreport/"/>
    <property name="sun.io.unicode.encoding" value="UnicodeLittle"/>
    <property name="sun.cpu.endian" value="little"/>
    <property name="java.vendor.version" value="18.3"/>
    <property name="sun.desktop" value="windows"/>
    <property name="sun.cpu.isalist" value="amd64"/>
  </properties>
  <testcase name="createTweet" classname="com.twitterapi.functionality.CreateTweetTest" time="1.037">
    <failure message="No such host is known (api.twitter.com)" type="java.net.UnknownHostException">java.net.UnknownHostException: No such host is known (api.twitter.com)
	at java.base/java.net.Inet6AddressImpl.lookupAllHostAddr(Native Method)
	at java.base/java.net.InetAddress$PlatformNameService.lookupAllHostAddr(InetAddress.java:925)
	at java.base/java.net.InetAddress.getAddressesFromNameService(InetAddress.java:1505)
	at java.base/java.net.InetAddress$NameServiceAddresses.get(InetAddress.java:844)
	at java.base/java.net.InetAddress.getAllByName0(InetAddress.java:1495)
	at java.base/java.net.InetAddress.getAllByName(InetAddress.java:1354)
	at java.base/java.net.InetAddress.getAllByName(InetAddress.java:1288)
	at org.apache.http.impl.conn.SystemDefaultDnsResolver.resolve(SystemDefaultDnsResolver.java:45)
	at org.apache.http.impl.conn.DefaultClientConnectionOperator.resolveHostname(DefaultClientConnectionOperator.java:263)
	at org.apache.http.impl.conn.DefaultClientConnectionOperator.openConnection(DefaultClientConnectionOperator.java:162)
	at org.apache.http.impl.conn.ManagedClientConnectionImpl.open(ManagedClientConnectionImpl.java:326)
	at org.apache.http.impl.client.DefaultRequestDirector.tryConnect(DefaultRequestDirector.java:610)
	at org.apache.http.impl.client.DefaultRequestDirector.execute(DefaultRequestDirector.java:445)
	at org.apache.http.impl.client.AbstractHttpClient.doExecute(AbstractHttpClient.java:835)
	at org.apache.http.impl.client.CloseableHttpClient.execute(CloseableHttpClient.java:83)
	at org.apache.http.impl.client.CloseableHttpClient.execute(CloseableHttpClient.java:56)
	at org.apache.http.client.HttpClient$execute$0.call(Unknown Source)
	at org.codehaus.groovy.runtime.callsite.CallSiteArray.defaultCall(CallSiteArray.java:48)
	at org.codehaus.groovy.runtime.callsite.AbstractCallSite.call(AbstractCallSite.java:113)
	at org.codehaus.groovy.runtime.callsite.AbstractCallSite.call(AbstractCallSite.java:133)
	at io.restassured.internal.RequestSpecificationImpl$RestAssuredHttpBuilder.doRequest(RequestSpecificationImpl.groovy:2141)
	at io.restassured.internal.http.HTTPBuilder.post(HTTPBuilder.java:349)
	at io.restassured.internal.http.HTTPBuilder$post$2.call(Unknown Source)
	at org.codehaus.groovy.runtime.callsite.CallSiteArray.defaultCall(CallSiteArray.java:48)
	at org.codehaus.groovy.runtime.callsite.AbstractCallSite.call(AbstractCallSite.java:113)
	at org.codehaus.groovy.runtime.callsite.AbstractCallSite.call(AbstractCallSite.java:133)
	at io.restassured.internal.RequestSpecificationImpl.sendRequest(RequestSpecificationImpl.groovy:1274)
	at java.base/jdk.internal.reflect.NativeMethodAccessorImpl.invoke0(Native Method)
	at java.base/jdk.internal.reflect.NativeMethodAccessorImpl.invoke(NativeMethodAccessorImpl.java:62)
	at java.base/jdk.internal.reflect.DelegatingMethodAccessorImpl.invoke(DelegatingMethodAccessorImpl.java:43)
	at java.base/java.lang.reflect.Method.invoke(Method.java:564)
	at org.codehaus.groovy.reflection.CachedMethod.invoke(CachedMethod.java:93)
	at groovy.lang.MetaMethod.doMethodInvoke(MetaMethod.java:325)
	at groovy.lang.MetaClassImpl.invokeMethod(MetaClassImpl.java:1213)
	at groovy.lang.MetaClassImpl.invokeMethod(MetaClassImpl.java:1022)
	at groovy.lang.MetaClassImpl.invokeMethod(MetaClassImpl.java:810)
	at io.restassured.internal.RequestSpecificationImpl.invokeMethod(RequestSpecificationImpl.groovy)
	at org.codehaus.groovy.runtime.callsite.PogoInterceptableSite.call(PogoInterceptableSite.java:48)
	at org.codehaus.groovy.runtime.callsite.CallSiteArray.defaultCall(CallSiteArray.java:48)
	at org.codehaus.groovy.runtime.callsite.AbstractCallSite.call(AbstractCallSite.java:113)
	at org.codehaus.groovy.runtime.callsite.AbstractCallSite.call(AbstractCallSite.java:149)
	at io.restassured.internal.filter.SendRequestFilter.filter(SendRequestFilter.groovy:30)
	at io.restassured.filter.Filter$filter$0.call(Unknown Source)
	at org.codehaus.groovy.runtime.callsite.CallSiteArray.defaultCall(CallSiteArray.java:48)
	at io.restassured.filter.Filter$filter.call(Unknown Source)
	at io.restassured.internal.filter.FilterContextImpl.next(FilterContextImpl.groovy:72)
	at io.restassured.filter.time.TimingFilter.filter(TimingFilter.java:56)
	at io.restassured.filter.Filter$filter.call(Unknown Source)
	at org.codehaus.groovy.runtime.callsite.CallSiteArray.defaultCall(CallSiteArray.java:48)
	at org.codehaus.groovy.runtime.callsite.AbstractCallSite.call(AbstractCallSite.java:113)
	at org.codehaus.groovy.runtime.callsite.AbstractCallSite.call(AbstractCallSite.java:141)
	at io.restassured.internal.filter.FilterContextImpl.next(FilterContextImpl.groovy:72)
	at io.restassured.filter.FilterContext$next.call(Unknown Source)
	at org.codehaus.groovy.runtime.callsite.CallSiteArray.defaultCall(CallSiteArray.java:48)
	at org.codehaus.groovy.runtime.callsite.AbstractCallSite.call(AbstractCallSite.java:113)
	at org.codehaus.groovy.runtime.callsite.AbstractCallSite.call(AbstractCallSite.java:133)
	at io.restassured.internal.RequestSpecificationImpl.applyPathParamsAndSendRequest(RequestSpecificationImpl.groovy:1744)
	at java.base/jdk.internal.reflect.NativeMethodAccessorImpl.invoke0(Native Method)
	at java.base/jdk.internal.reflect.NativeMethodAccessorImpl.invoke(NativeMethodAccessorImpl.java:62)
	at java.base/jdk.internal.reflect.DelegatingMethodAccessorImpl.invoke(DelegatingMethodAccessorImpl.java:43)
	at java.base/java.lang.reflect.Method.invoke(Method.java:564)
	at org.codehaus.groovy.reflection.CachedMethod.invoke(CachedMethod.java:93)
	at groovy.lang.MetaMethod.doMethodInvoke(MetaMethod.java:325)
	at groovy.lang.MetaClassImpl.invokeMethod(MetaClassImpl.java:1213)
	at groovy.lang.MetaClassImpl.invokeMethod(MetaClassImpl.java:1022)
	at groovy.lang.MetaClassImpl.invokeMethod(MetaClassImpl.java:810)
	at io.restassured.internal.RequestSpecificationImpl.invokeMethod(RequestSpecificationImpl.groovy)
	at org.codehaus.groovy.runtime.callsite.PogoInterceptableSite.call(PogoInterceptableSite.java:48)
	at org.codehaus.groovy.runtime.callsite.PogoInterceptableSite.callCurrent(PogoInterceptableSite.java:58)
	at org.codehaus.groovy.runtime.callsite.CallSiteArray.defaultCallCurrent(CallSiteArray.java:52)
	at org.codehaus.groovy.runtime.callsite.AbstractCallSite.callCurrent(AbstractCallSite.java:154)
	at org.codehaus.groovy.runtime.callsite.AbstractCallSite.callCurrent(AbstractCallSite.java:182)
	at io.restassured.internal.RequestSpecificationImpl.applyPathParamsAndSendRequest(RequestSpecificationImpl.groovy:1750)
	at java.base/jdk.internal.reflect.NativeMethodAccessorImpl.invoke0(Native Method)
	at java.base/jdk.internal.reflect.NativeMethodAccessorImpl.invoke(NativeMethodAccessorImpl.java:62)
	at java.base/jdk.internal.reflect.DelegatingMethodAccessorImpl.invoke(DelegatingMethodAccessorImpl.java:43)
	at java.base/java.lang.reflect.Method.invoke(Method.java:564)
	at org.codehaus.groovy.reflection.CachedMethod.invoke(CachedMethod.java:93)
	at groovy.lang.MetaMethod.doMethodInvoke(MetaMethod.java:325)
	at groovy.lang.MetaClassImpl.invokeMethod(MetaClassImpl.java:1213)
	at groovy.lang.MetaClassImpl.invokeMethod(MetaClassImpl.java:1022)
	at groovy.lang.MetaClassImpl.invokeMethod(MetaClassImpl.java:810)
	at io.restassured.internal.RequestSpecificationImpl.invokeMethod(RequestSpecificationImpl.groovy)
	at org.codehaus.groovy.runtime.callsite.PogoInterceptableSite.call(PogoInterceptableSite.java:48)
	at org.codehaus.groovy.runtime.callsite.PogoInterceptableSite.callCurrent(PogoInterceptableSite.java:58)
	at org.codehaus.groovy.runtime.callsite.CallSiteArray.defaultCallCurrent(CallSiteArray.java:52)
	at org.codehaus.groovy.runtime.callsite.AbstractCallSite.callCurrent(AbstractCallSite.java:154)
	at org.codehaus.groovy.runtime.callsite.AbstractCallSite.callCurrent(AbstractCallSite.java:182)
	at io.restassured.internal.RequestSpecificationImpl.post(RequestSpecificationImpl.groovy:175)
	at io.restassured.internal.RequestSpecificationImpl.post(RequestSpecificationImpl.groovy)
	at com.twitterapi.functionality.CreateTweetTest.createTweet(CreateTweetTest.java:29)
</failure>
    <system-out><![CDATA[11:48:02.996 [main] INFO  com.twitterapi.base.BaseLoader - ================================================================
11:48:02.999 [main] INFO  com.twitterapi.base.BaseLoader - Now Executing :com.twitterapi.base.BaseLoader
]]></system-out>
  </testcase>
  <testcase name="getLatestTweets" classname="com.twitterapi.functionality.LatestTweetsTest" time="0.049">
    <failure message="api.twitter.com" type="java.net.UnknownHostException">java.net.UnknownHostException: api.twitter.com
	at java.base/java.net.InetAddress$CachedAddresses.get(InetAddress.java:793)
	at java.base/java.net.InetAddress.getAllByName0(InetAddress.java:1495)
	at java.base/java.net.InetAddress.getAllByName(InetAddress.java:1354)
	at java.base/java.net.InetAddress.getAllByName(InetAddress.java:1288)
	at org.apache.http.impl.conn.SystemDefaultDnsResolver.resolve(SystemDefaultDnsResolver.java:45)
	at org.apache.http.impl.conn.DefaultClientConnectionOperator.resolveHostname(DefaultClientConnectionOperator.java:263)
	at org.apache.http.impl.conn.DefaultClientConnectionOperator.openConnection(DefaultClientConnectionOperator.java:162)
	at org.apache.http.impl.conn.ManagedClientConnectionImpl.open(ManagedClientConnectionImpl.java:326)
	at org.apache.http.impl.client.DefaultRequestDirector.tryConnect(DefaultRequestDirector.java:610)
	at org.apache.http.impl.client.DefaultRequestDirector.execute(DefaultRequestDirector.java:445)
	at org.apache.http.impl.client.AbstractHttpClient.doExecute(AbstractHttpClient.java:835)
	at org.apache.http.impl.client.CloseableHttpClient.execute(CloseableHttpClient.java:83)
	at org.apache.http.impl.client.CloseableHttpClient.execute(CloseableHttpClient.java:56)
	at org.apache.http.client.HttpClient$execute$0.call(Unknown Source)
	at org.codehaus.groovy.runtime.callsite.CallSiteArray.defaultCall(CallSiteArray.java:48)
	at org.apache.http.client.HttpClient$execute$0.call(Unknown Source)
	at io.restassured.internal.RequestSpecificationImpl$RestAssuredHttpBuilder.doRequest(RequestSpecificationImpl.groovy:2141)
	at io.restassured.internal.http.HTTPBuilder.doRequest(HTTPBuilder.java:494)
	at io.restassured.internal.http.HTTPBuilder.request(HTTPBuilder.java:451)
	at io.restassured.internal.http.HTTPBuilder$request$3.call(Unknown Source)
	at org.codehaus.groovy.runtime.callsite.CallSiteArray.defaultCall(CallSiteArray.java:48)
	at org.codehaus.groovy.runtime.callsite.AbstractCallSite.call(AbstractCallSite.java:113)
	at org.codehaus.groovy.runtime.callsite.AbstractCallSite.call(AbstractCallSite.java:149)
	at io.restassured.internal.RequestSpecificationImpl.sendHttpRequest(RequestSpecificationImpl.groovy:1544)
	at java.base/jdk.internal.reflect.NativeMethodAccessorImpl.invoke0(Native Method)
	at java.base/jdk.internal.reflect.NativeMethodAccessorImpl.invoke(NativeMethodAccessorImpl.java:62)
	at java.base/jdk.internal.reflect.DelegatingMethodAccessorImpl.invoke(DelegatingMethodAccessorImpl.java:43)
	at java.base/java.lang.reflect.Method.invoke(Method.java:564)
	at org.codehaus.groovy.reflection.CachedMethod.invoke(CachedMethod.java:93)
	at groovy.lang.MetaMethod.doMethodInvoke(MetaMethod.java:325)
	at groovy.lang.MetaClassImpl.invokeMethod(MetaClassImpl.java:1213)
	at groovy.lang.MetaClassImpl.invokeMethod(MetaClassImpl.java:1022)
	at groovy.lang.MetaClassImpl.invokeMethod(MetaClassImpl.java:810)
	at io.restassured.internal.RequestSpecificationImpl.invokeMethod(RequestSpecificationImpl.groovy)
	at org.codehaus.groovy.runtime.callsite.PogoInterceptableSite.call(PogoInterceptableSite.java:48)
	at org.codehaus.groovy.runtime.callsite.PogoInterceptableSite.callCurrent(PogoInterceptableSite.java:58)
	at org.codehaus.groovy.runtime.callsite.CallSiteArray.defaultCallCurrent(CallSiteArray.java:52)
	at org.codehaus.groovy.runtime.callsite.AbstractCallSite.callCurrent(AbstractCallSite.java:154)
	at io.restassured.internal.RequestSpecificationImpl.sendRequest(RequestSpecificationImpl.groovy:1293)
	at java.base/jdk.internal.reflect.NativeMethodAccessorImpl.invoke0(Native Method)
	at java.base/jdk.internal.reflect.NativeMethodAccessorImpl.invoke(NativeMethodAccessorImpl.java:62)
	at java.base/jdk.internal.reflect.DelegatingMethodAccessorImpl.invoke(DelegatingMethodAccessorImpl.java:43)
	at java.base/java.lang.reflect.Method.invoke(Method.java:564)
	at org.codehaus.groovy.reflection.CachedMethod.invoke(CachedMethod.java:93)
	at groovy.lang.MetaMethod.doMethodInvoke(MetaMethod.java:325)
	at groovy.lang.MetaClassImpl.invokeMethod(MetaClassImpl.java:1213)
	at groovy.lang.MetaClassImpl.invokeMethod(MetaClassImpl.java:1022)
	at groovy.lang.MetaClassImpl.invokeMethod(MetaClassImpl.java:810)
	at io.restassured.internal.RequestSpecificationImpl.invokeMethod(RequestSpecificationImpl.groovy)
	at org.codehaus.groovy.runtime.callsite.PogoInterceptableSite.call(PogoInterceptableSite.java:48)
	at org.codehaus.groovy.runtime.callsite.AbstractCallSite.call(AbstractCallSite.java:149)
	at io.restassured.internal.filter.SendRequestFilter.filter(SendRequestFilter.groovy:30)
	at io.restassured.filter.Filter$filter$0.call(Unknown Source)
	at org.codehaus.groovy.runtime.callsite.CallSiteArray.defaultCall(CallSiteArray.java:48)
	at io.restassured.filter.Filter$filter.call(Unknown Source)
	at io.restassured.internal.filter.FilterContextImpl.next(FilterContextImpl.groovy:72)
	at io.restassured.filter.time.TimingFilter.filter(TimingFilter.java:56)
	at io.restassured.filter.Filter$filter.call(Unknown Source)
	at org.codehaus.groovy.runtime.callsite.CallSiteArray.defaultCall(CallSiteArray.java:48)
	at io.restassured.filter.Filter$filter$0.call(Unknown Source)
	at io.restassured.internal.filter.FilterContextImpl.next(FilterContextImpl.groovy:72)
	at io.restassured.filter.FilterContext$next.call(Unknown Source)
	at io.restassured.internal.RequestSpecificationImpl.applyPathParamsAndSendRequest(RequestSpecificationImpl.groovy:1744)
	at java.base/jdk.internal.reflect.NativeMethodAccessorImpl.invoke0(Native Method)
	at java.base/jdk.internal.reflect.NativeMethodAccessorImpl.invoke(NativeMethodAccessorImpl.java:62)
	at java.base/jdk.internal.reflect.DelegatingMethodAccessorImpl.invoke(DelegatingMethodAccessorImpl.java:43)
	at java.base/java.lang.reflect.Method.invoke(Method.java:564)
	at org.codehaus.groovy.reflection.CachedMethod.invoke(CachedMethod.java:93)
	at groovy.lang.MetaMethod.doMethodInvoke(MetaMethod.java:325)
	at groovy.lang.MetaClassImpl.invokeMethod(MetaClassImpl.java:1213)
	at groovy.lang.MetaClassImpl.invokeMethod(MetaClassImpl.java:1022)
	at groovy.lang.MetaClassImpl.invokeMethod(MetaClassImpl.java:810)
	at io.restassured.internal.RequestSpecificationImpl.invokeMethod(RequestSpecificationImpl.groovy)
	at org.codehaus.groovy.runtime.callsite.PogoInterceptableSite.call(PogoInterceptableSite.java:48)
	at org.codehaus.groovy.runtime.callsite.PogoInterceptableSite.callCurrent(PogoInterceptableSite.java:58)
	at org.codehaus.groovy.runtime.callsite.AbstractCallSite.callCurrent(AbstractCallSite.java:182)
	at io.restassured.internal.RequestSpecificationImpl.applyPathParamsAndSendRequest(RequestSpecificationImpl.groovy:1750)
	at java.base/jdk.internal.reflect.NativeMethodAccessorImpl.invoke0(Native Method)
	at java.base/jdk.internal.reflect.NativeMethodAccessorImpl.invoke(NativeMethodAccessorImpl.java:62)
	at java.base/jdk.internal.reflect.DelegatingMethodAccessorImpl.invoke(DelegatingMethodAccessorImpl.java:43)
	at java.base/java.lang.reflect.Method.invoke(Method.java:564)
	at org.codehaus.groovy.reflection.CachedMethod.invoke(CachedMethod.java:93)
	at groovy.lang.MetaMethod.doMethodInvoke(MetaMethod.java:325)
	at groovy.lang.MetaClassImpl.invokeMethod(MetaClassImpl.java:1213)
	at groovy.lang.MetaClassImpl.invokeMethod(MetaClassImpl.java:1022)
	at groovy.lang.MetaClassImpl.invokeMethod(MetaClassImpl.java:810)
	at io.restassured.internal.RequestSpecificationImpl.invokeMethod(RequestSpecificationImpl.groovy)
	at org.codehaus.groovy.runtime.callsite.PogoInterceptableSite.call(PogoInterceptableSite.java:48)
	at org.codehaus.groovy.runtime.callsite.PogoInterceptableSite.callCurrent(PogoInterceptableSite.java:58)
	at org.codehaus.groovy.runtime.callsite.CallSiteArray.defaultCallCurrent(CallSiteArray.java:52)
	at org.codehaus.groovy.runtime.callsite.AbstractCallSite.callCurrent(AbstractCallSite.java:154)
	at org.codehaus.groovy.runtime.callsite.AbstractCallSite.callCurrent(AbstractCallSite.java:182)
	at io.restassured.internal.RequestSpecificationImpl.get(RequestSpecificationImpl.groovy:171)
	at io.restassured.internal.RequestSpecificationImpl.get(RequestSpecificationImpl.groovy)
	at com.twitterapi.functionality.LatestTweetsTest.getLatestTweets(LatestTweetsTest.java:26)
</failure>
    <system-out><![CDATA[11:48:04.391 [main] INFO  com.twitterapi.base.BaseLoader - ================================================================
11:48:04.391 [main] INFO  com.twitterapi.base.BaseLoader - Now Executing :com.twitterapi.base.BaseLoader
]]></system-out>
  </testcase>
  <testcase name="reTweet" classname="com.twitterapi.functionality.ReTweetTest" time="0.024">
    <failure message="api.twitter.com" type="java.net.UnknownHostException">java.net.UnknownHostException: api.twitter.com
	at java.base/java.net.InetAddress$CachedAddresses.get(InetAddress.java:793)
	at java.base/java.net.InetAddress.getAllByName0(InetAddress.java:1495)
	at java.base/java.net.InetAddress.getAllByName(InetAddress.java:1354)
	at java.base/java.net.InetAddress.getAllByName(InetAddress.java:1288)
	at org.apache.http.impl.conn.SystemDefaultDnsResolver.resolve(SystemDefaultDnsResolver.java:45)
	at org.apache.http.impl.conn.DefaultClientConnectionOperator.resolveHostname(DefaultClientConnectionOperator.java:263)
	at org.apache.http.impl.conn.DefaultClientConnectionOperator.openConnection(DefaultClientConnectionOperator.java:162)
	at org.apache.http.impl.conn.ManagedClientConnectionImpl.open(ManagedClientConnectionImpl.java:326)
	at org.apache.http.impl.client.DefaultRequestDirector.tryConnect(DefaultRequestDirector.java:610)
	at org.apache.http.impl.client.DefaultRequestDirector.execute(DefaultRequestDirector.java:445)
	at org.apache.http.impl.client.AbstractHttpClient.doExecute(AbstractHttpClient.java:835)
	at org.apache.http.impl.client.CloseableHttpClient.execute(CloseableHttpClient.java:83)
	at org.apache.http.impl.client.CloseableHttpClient.execute(CloseableHttpClient.java:56)
	at org.apache.http.client.HttpClient$execute$0.call(Unknown Source)
	at org.codehaus.groovy.runtime.callsite.CallSiteArray.defaultCall(CallSiteArray.java:48)
	at org.apache.http.client.HttpClient$execute$0.call(Unknown Source)
	at io.restassured.internal.RequestSpecificationImpl$RestAssuredHttpBuilder.doRequest(RequestSpecificationImpl.groovy:2141)
	at io.restassured.internal.http.HTTPBuilder.post(HTTPBuilder.java:349)
	at io.restassured.internal.http.HTTPBuilder$post$2.call(Unknown Source)
	at io.restassured.internal.RequestSpecificationImpl.sendRequest(RequestSpecificationImpl.groovy:1274)
	at java.base/jdk.internal.reflect.NativeMethodAccessorImpl.invoke0(Native Method)
	at java.base/jdk.internal.reflect.NativeMethodAccessorImpl.invoke(NativeMethodAccessorImpl.java:62)
	at java.base/jdk.internal.reflect.DelegatingMethodAccessorImpl.invoke(DelegatingMethodAccessorImpl.java:43)
	at java.base/java.lang.reflect.Method.invoke(Method.java:564)
	at org.codehaus.groovy.reflection.CachedMethod.invoke(CachedMethod.java:93)
	at groovy.lang.MetaMethod.doMethodInvoke(MetaMethod.java:325)
	at groovy.lang.MetaClassImpl.invokeMethod(MetaClassImpl.java:1213)
	at groovy.lang.MetaClassImpl.invokeMethod(MetaClassImpl.java:1022)
	at groovy.lang.MetaClassImpl.invokeMethod(MetaClassImpl.java:810)
	at io.restassured.internal.RequestSpecificationImpl.invokeMethod(RequestSpecificationImpl.groovy)
	at org.codehaus.groovy.runtime.callsite.PogoInterceptableSite.call(PogoInterceptableSite.java:48)
	at org.codehaus.groovy.runtime.callsite.AbstractCallSite.call(AbstractCallSite.java:149)
	at io.restassured.internal.filter.SendRequestFilter.filter(SendRequestFilter.groovy:30)
	at io.restassured.filter.Filter$filter$0.call(Unknown Source)
	at org.codehaus.groovy.runtime.callsite.CallSiteArray.defaultCall(CallSiteArray.java:48)
	at io.restassured.filter.Filter$filter.call(Unknown Source)
	at io.restassured.internal.filter.FilterContextImpl.next(FilterContextImpl.groovy:72)
	at io.restassured.filter.time.TimingFilter.filter(TimingFilter.java:56)
	at io.restassured.filter.Filter$filter.call(Unknown Source)
	at org.codehaus.groovy.runtime.callsite.CallSiteArray.defaultCall(CallSiteArray.java:48)
	at io.restassured.filter.Filter$filter$0.call(Unknown Source)
	at io.restassured.internal.filter.FilterContextImpl.next(FilterContextImpl.groovy:72)
	at io.restassured.filter.FilterContext$next.call(Unknown Source)
	at io.restassured.internal.RequestSpecificationImpl.applyPathParamsAndSendRequest(RequestSpecificationImpl.groovy:1744)
	at java.base/jdk.internal.reflect.NativeMethodAccessorImpl.invoke0(Native Method)
	at java.base/jdk.internal.reflect.NativeMethodAccessorImpl.invoke(NativeMethodAccessorImpl.java:62)
	at java.base/jdk.internal.reflect.DelegatingMethodAccessorImpl.invoke(DelegatingMethodAccessorImpl.java:43)
	at java.base/java.lang.reflect.Method.invoke(Method.java:564)
	at org.codehaus.groovy.reflection.CachedMethod.invoke(CachedMethod.java:93)
	at groovy.lang.MetaMethod.doMethodInvoke(MetaMethod.java:325)
	at groovy.lang.MetaClassImpl.invokeMethod(MetaClassImpl.java:1213)
	at groovy.lang.MetaClassImpl.invokeMethod(MetaClassImpl.java:1022)
	at groovy.lang.MetaClassImpl.invokeMethod(MetaClassImpl.java:810)
	at io.restassured.internal.RequestSpecificationImpl.invokeMethod(RequestSpecificationImpl.groovy)
	at org.codehaus.groovy.runtime.callsite.PogoInterceptableSite.call(PogoInterceptableSite.java:48)
	at org.codehaus.groovy.runtime.callsite.PogoInterceptableSite.callCurrent(PogoInterceptableSite.java:58)
	at org.codehaus.groovy.runtime.callsite.AbstractCallSite.callCurrent(AbstractCallSite.java:182)
	at io.restassured.internal.RequestSpecificationImpl.applyPathParamsAndSendRequest(RequestSpecificationImpl.groovy:1750)
	at java.base/jdk.internal.reflect.NativeMethodAccessorImpl.invoke0(Native Method)
	at java.base/jdk.internal.reflect.NativeMethodAccessorImpl.invoke(NativeMethodAccessorImpl.java:62)
	at java.base/jdk.internal.reflect.DelegatingMethodAccessorImpl.invoke(DelegatingMethodAccessorImpl.java:43)
	at java.base/java.lang.reflect.Method.invoke(Method.java:564)
	at org.codehaus.groovy.reflection.CachedMethod.invoke(CachedMethod.java:93)
	at groovy.lang.MetaMethod.doMethodInvoke(MetaMethod.java:325)
	at groovy.lang.MetaClassImpl.invokeMethod(MetaClassImpl.java:1213)
	at groovy.lang.MetaClassImpl.invokeMethod(MetaClassImpl.java:1022)
	at groovy.lang.MetaClassImpl.invokeMethod(MetaClassImpl.java:810)
	at io.restassured.internal.RequestSpecificationImpl.invokeMethod(RequestSpecificationImpl.groovy)
	at org.codehaus.groovy.runtime.callsite.PogoInterceptableSite.call(PogoInterceptableSite.java:48)
	at org.codehaus.groovy.runtime.callsite.PogoInterceptableSite.callCurrent(PogoInterceptableSite.java:58)
	at org.codehaus.groovy.runtime.callsite.AbstractCallSite.callCurrent(AbstractCallSite.java:182)
	at io.restassured.internal.RequestSpecificationImpl.post(RequestSpecificationImpl.groovy:175)
	at io.restassured.internal.RequestSpecificationImpl.post(RequestSpecificationImpl.groovy)
	at com.twitterapi.functionality.ReTweetTest.reTweet(ReTweetTest.java:26)
</failure>
    <system-out><![CDATA[11:48:04.441 [main] INFO  com.twitterapi.base.BaseLoader - ================================================================
11:48:04.441 [main] INFO  com.twitterapi.base.BaseLoader - Now Executing :com.twitterapi.base.BaseLoader
]]></system-out>
  </testcase>
  <testcase name="getTrendsByLoc" classname="com.twitterapi.functionality.TrendsByLocationTest" time="0.033">
    <failure message="api.twitter.com" type="java.net.UnknownHostException">java.net.UnknownHostException: api.twitter.com
	at java.base/java.net.InetAddress$CachedAddresses.get(InetAddress.java:793)
	at java.base/java.net.InetAddress.getAllByName0(InetAddress.java:1495)
	at java.base/java.net.InetAddress.getAllByName(InetAddress.java:1354)
	at java.base/java.net.InetAddress.getAllByName(InetAddress.java:1288)
	at org.apache.http.impl.conn.SystemDefaultDnsResolver.resolve(SystemDefaultDnsResolver.java:45)
	at org.apache.http.impl.conn.DefaultClientConnectionOperator.resolveHostname(DefaultClientConnectionOperator.java:263)
	at org.apache.http.impl.conn.DefaultClientConnectionOperator.openConnection(DefaultClientConnectionOperator.java:162)
	at org.apache.http.impl.conn.ManagedClientConnectionImpl.open(ManagedClientConnectionImpl.java:326)
	at org.apache.http.impl.client.DefaultRequestDirector.tryConnect(DefaultRequestDirector.java:610)
	at org.apache.http.impl.client.DefaultRequestDirector.execute(DefaultRequestDirector.java:445)
	at org.apache.http.impl.client.AbstractHttpClient.doExecute(AbstractHttpClient.java:835)
	at org.apache.http.impl.client.CloseableHttpClient.execute(CloseableHttpClient.java:83)
	at org.apache.http.impl.client.CloseableHttpClient.execute(CloseableHttpClient.java:56)
	at org.apache.http.client.HttpClient$execute$0.call(Unknown Source)
	at org.codehaus.groovy.runtime.callsite.CallSiteArray.defaultCall(CallSiteArray.java:48)
	at org.apache.http.client.HttpClient$execute$0.call(Unknown Source)
	at io.restassured.internal.RequestSpecificationImpl$RestAssuredHttpBuilder.doRequest(RequestSpecificationImpl.groovy:2141)
	at io.restassured.internal.http.HTTPBuilder.doRequest(HTTPBuilder.java:494)
	at io.restassured.internal.http.HTTPBuilder.request(HTTPBuilder.java:451)
	at io.restassured.internal.http.HTTPBuilder$request$3.call(Unknown Source)
	at io.restassured.internal.RequestSpecificationImpl.sendHttpRequest(RequestSpecificationImpl.groovy:1544)
	at java.base/jdk.internal.reflect.NativeMethodAccessorImpl.invoke0(Native Method)
	at java.base/jdk.internal.reflect.NativeMethodAccessorImpl.invoke(NativeMethodAccessorImpl.java:62)
	at java.base/jdk.internal.reflect.DelegatingMethodAccessorImpl.invoke(DelegatingMethodAccessorImpl.java:43)
	at java.base/java.lang.reflect.Method.invoke(Method.java:564)
	at org.codehaus.groovy.reflection.CachedMethod.invoke(CachedMethod.java:93)
	at groovy.lang.MetaMethod.doMethodInvoke(MetaMethod.java:325)
	at groovy.lang.MetaClassImpl.invokeMethod(MetaClassImpl.java:1213)
	at groovy.lang.MetaClassImpl.invokeMethod(MetaClassImpl.java:1022)
	at groovy.lang.MetaClassImpl.invokeMethod(MetaClassImpl.java:810)
	at io.restassured.internal.RequestSpecificationImpl.invokeMethod(RequestSpecificationImpl.groovy)
	at org.codehaus.groovy.runtime.callsite.PogoInterceptableSite.call(PogoInterceptableSite.java:48)
	at org.codehaus.groovy.runtime.callsite.PogoInterceptableSite.callCurrent(PogoInterceptableSite.java:58)
	at io.restassured.internal.RequestSpecificationImpl.sendRequest(RequestSpecificationImpl.groovy:1293)
	at java.base/jdk.internal.reflect.NativeMethodAccessorImpl.invoke0(Native Method)
	at java.base/jdk.internal.reflect.NativeMethodAccessorImpl.invoke(NativeMethodAccessorImpl.java:62)
	at java.base/jdk.internal.reflect.DelegatingMethodAccessorImpl.invoke(DelegatingMethodAccessorImpl.java:43)
	at java.base/java.lang.reflect.Method.invoke(Method.java:564)
	at org.codehaus.groovy.reflection.CachedMethod.invoke(CachedMethod.java:93)
	at groovy.lang.MetaMethod.doMethodInvoke(MetaMethod.java:325)
	at groovy.lang.MetaClassImpl.invokeMethod(MetaClassImpl.java:1213)
	at groovy.lang.MetaClassImpl.invokeMethod(MetaClassImpl.java:1022)
	at groovy.lang.MetaClassImpl.invokeMethod(MetaClassImpl.java:810)
	at io.restassured.internal.RequestSpecificationImpl.invokeMethod(RequestSpecificationImpl.groovy)
	at org.codehaus.groovy.runtime.callsite.PogoInterceptableSite.call(PogoInterceptableSite.java:48)
	at org.codehaus.groovy.runtime.callsite.AbstractCallSite.call(AbstractCallSite.java:149)
	at io.restassured.internal.filter.SendRequestFilter.filter(SendRequestFilter.groovy:30)
	at io.restassured.filter.Filter$filter$0.call(Unknown Source)
	at org.codehaus.groovy.runtime.callsite.CallSiteArray.defaultCall(CallSiteArray.java:48)
	at io.restassured.filter.Filter$filter.call(Unknown Source)
	at io.restassured.internal.filter.FilterContextImpl.next(FilterContextImpl.groovy:72)
	at io.restassured.filter.time.TimingFilter.filter(TimingFilter.java:56)
	at io.restassured.filter.Filter$filter.call(Unknown Source)
	at org.codehaus.groovy.runtime.callsite.CallSiteArray.defaultCall(CallSiteArray.java:48)
	at io.restassured.filter.Filter$filter$0.call(Unknown Source)
	at io.restassured.internal.filter.FilterContextImpl.next(FilterContextImpl.groovy:72)
	at io.restassured.filter.FilterContext$next.call(Unknown Source)
	at io.restassured.internal.RequestSpecificationImpl.applyPathParamsAndSendRequest(RequestSpecificationImpl.groovy:1744)
	at java.base/jdk.internal.reflect.NativeMethodAccessorImpl.invoke0(Native Method)
	at java.base/jdk.internal.reflect.NativeMethodAccessorImpl.invoke(NativeMethodAccessorImpl.java:62)
	at java.base/jdk.internal.reflect.DelegatingMethodAccessorImpl.invoke(DelegatingMethodAccessorImpl.java:43)
	at java.base/java.lang.reflect.Method.invoke(Method.java:564)
	at org.codehaus.groovy.reflection.CachedMethod.invoke(CachedMethod.java:93)
	at groovy.lang.MetaMethod.doMethodInvoke(MetaMethod.java:325)
	at groovy.lang.MetaClassImpl.invokeMethod(MetaClassImpl.java:1213)
	at groovy.lang.MetaClassImpl.invokeMethod(MetaClassImpl.java:1022)
	at groovy.lang.MetaClassImpl.invokeMethod(MetaClassImpl.java:810)
	at io.restassured.internal.RequestSpecificationImpl.invokeMethod(RequestSpecificationImpl.groovy)
	at org.codehaus.groovy.runtime.callsite.PogoInterceptableSite.call(PogoInterceptableSite.java:48)
	at org.codehaus.groovy.runtime.callsite.PogoInterceptableSite.callCurrent(PogoInterceptableSite.java:58)
	at org.codehaus.groovy.runtime.callsite.AbstractCallSite.callCurrent(AbstractCallSite.java:182)
	at io.restassured.internal.RequestSpecificationImpl.applyPathParamsAndSendRequest(RequestSpecificationImpl.groovy:1750)
	at java.base/jdk.internal.reflect.NativeMethodAccessorImpl.invoke0(Native Method)
	at java.base/jdk.internal.reflect.NativeMethodAccessorImpl.invoke(NativeMethodAccessorImpl.java:62)
	at java.base/jdk.internal.reflect.DelegatingMethodAccessorImpl.invoke(DelegatingMethodAccessorImpl.java:43)
	at java.base/java.lang.reflect.Method.invoke(Method.java:564)
	at org.codehaus.groovy.reflection.CachedMethod.invoke(CachedMethod.java:93)
	at groovy.lang.MetaMethod.doMethodInvoke(MetaMethod.java:325)
	at groovy.lang.MetaClassImpl.invokeMethod(MetaClassImpl.java:1213)
	at groovy.lang.MetaClassImpl.invokeMethod(MetaClassImpl.java:1022)
	at groovy.lang.MetaClassImpl.invokeMethod(MetaClassImpl.java:810)
	at io.restassured.internal.RequestSpecificationImpl.invokeMethod(RequestSpecificationImpl.groovy)
	at org.codehaus.groovy.runtime.callsite.PogoInterceptableSite.call(PogoInterceptableSite.java:48)
	at org.codehaus.groovy.runtime.callsite.PogoInterceptableSite.callCurrent(PogoInterceptableSite.java:58)
	at org.codehaus.groovy.runtime.callsite.AbstractCallSite.callCurrent(AbstractCallSite.java:182)
	at io.restassured.internal.RequestSpecificationImpl.get(RequestSpecificationImpl.groovy:171)
	at io.restassured.internal.RequestSpecificationImpl.get(RequestSpecificationImpl.groovy)
	at com.twitterapi.functionality.TrendsByLocationTest.getTrendsByLoc(TrendsByLocationTest.java:29)
</failure>
    <system-out><![CDATA[11:48:04.466 [main] INFO  com.twitterapi.base.BaseLoader - ================================================================
11:48:04.466 [main] INFO  com.twitterapi.base.BaseLoader - Now Executing :com.twitterapi.base.BaseLoader
]]></system-out>
  </testcase>
  <testcase name="sendDirectMessage" classname="com.twitterapi.functionality.SendDirectMessageTest" time="0.029">
    <failure message="api.twitter.com" type="java.net.UnknownHostException">java.net.UnknownHostException: api.twitter.com
	at java.base/java.net.InetAddress$CachedAddresses.get(InetAddress.java:793)
	at java.base/java.net.InetAddress.getAllByName0(InetAddress.java:1495)
	at java.base/java.net.InetAddress.getAllByName(InetAddress.java:1354)
	at java.base/java.net.InetAddress.getAllByName(InetAddress.java:1288)
	at org.apache.http.impl.conn.SystemDefaultDnsResolver.resolve(SystemDefaultDnsResolver.java:45)
	at org.apache.http.impl.conn.DefaultClientConnectionOperator.resolveHostname(DefaultClientConnectionOperator.java:263)
	at org.apache.http.impl.conn.DefaultClientConnectionOperator.openConnection(DefaultClientConnectionOperator.java:162)
	at org.apache.http.impl.conn.ManagedClientConnectionImpl.open(ManagedClientConnectionImpl.java:326)
	at org.apache.http.impl.client.DefaultRequestDirector.tryConnect(DefaultRequestDirector.java:610)
	at org.apache.http.impl.client.DefaultRequestDirector.execute(DefaultRequestDirector.java:445)
	at org.apache.http.impl.client.AbstractHttpClient.doExecute(AbstractHttpClient.java:835)
	at org.apache.http.impl.client.CloseableHttpClient.execute(CloseableHttpClient.java:83)
	at org.apache.http.impl.client.CloseableHttpClient.execute(CloseableHttpClient.java:56)
	at org.apache.http.client.HttpClient$execute$0.call(Unknown Source)
	at org.codehaus.groovy.runtime.callsite.CallSiteArray.defaultCall(CallSiteArray.java:48)
	at org.apache.http.client.HttpClient$execute$0.call(Unknown Source)
	at io.restassured.internal.RequestSpecificationImpl$RestAssuredHttpBuilder.doRequest(RequestSpecificationImpl.groovy:2141)
	at io.restassured.internal.http.HTTPBuilder.post(HTTPBuilder.java:349)
	at io.restassured.internal.http.HTTPBuilder$post$2.call(Unknown Source)
	at io.restassured.internal.RequestSpecificationImpl.sendRequest(RequestSpecificationImpl.groovy:1274)
	at java.base/jdk.internal.reflect.NativeMethodAccessorImpl.invoke0(Native Method)
	at java.base/jdk.internal.reflect.NativeMethodAccessorImpl.invoke(NativeMethodAccessorImpl.java:62)
	at java.base/jdk.internal.reflect.DelegatingMethodAccessorImpl.invoke(DelegatingMethodAccessorImpl.java:43)
	at java.base/java.lang.reflect.Method.invoke(Method.java:564)
	at org.codehaus.groovy.reflection.CachedMethod.invoke(CachedMethod.java:93)
	at groovy.lang.MetaMethod.doMethodInvoke(MetaMethod.java:325)
	at groovy.lang.MetaClassImpl.invokeMethod(MetaClassImpl.java:1213)
	at groovy.lang.MetaClassImpl.invokeMethod(MetaClassImpl.java:1022)
	at groovy.lang.MetaClassImpl.invokeMethod(MetaClassImpl.java:810)
	at io.restassured.internal.RequestSpecificationImpl.invokeMethod(RequestSpecificationImpl.groovy)
	at org.codehaus.groovy.runtime.callsite.PogoInterceptableSite.call(PogoInterceptableSite.java:48)
	at org.codehaus.groovy.runtime.callsite.AbstractCallSite.call(AbstractCallSite.java:149)
	at io.restassured.internal.filter.SendRequestFilter.filter(SendRequestFilter.groovy:30)
	at io.restassured.filter.Filter$filter$0.call(Unknown Source)
	at org.codehaus.groovy.runtime.callsite.CallSiteArray.defaultCall(CallSiteArray.java:48)
	at io.restassured.filter.Filter$filter.call(Unknown Source)
	at io.restassured.internal.filter.FilterContextImpl.next(FilterContextImpl.groovy:72)
	at io.restassured.filter.time.TimingFilter.filter(TimingFilter.java:56)
	at io.restassured.filter.Filter$filter.call(Unknown Source)
	at org.codehaus.groovy.runtime.callsite.CallSiteArray.defaultCall(CallSiteArray.java:48)
	at io.restassured.filter.Filter$filter$0.call(Unknown Source)
	at io.restassured.internal.filter.FilterContextImpl.next(FilterContextImpl.groovy:72)
	at io.restassured.filter.FilterContext$next.call(Unknown Source)
	at io.restassured.internal.RequestSpecificationImpl.applyPathParamsAndSendRequest(RequestSpecificationImpl.groovy:1744)
	at java.base/jdk.internal.reflect.NativeMethodAccessorImpl.invoke0(Native Method)
	at java.base/jdk.internal.reflect.NativeMethodAccessorImpl.invoke(NativeMethodAccessorImpl.java:62)
	at java.base/jdk.internal.reflect.DelegatingMethodAccessorImpl.invoke(DelegatingMethodAccessorImpl.java:43)
	at java.base/java.lang.reflect.Method.invoke(Method.java:564)
	at org.codehaus.groovy.reflection.CachedMethod.invoke(CachedMethod.java:93)
	at groovy.lang.MetaMethod.doMethodInvoke(MetaMethod.java:325)
	at groovy.lang.MetaClassImpl.invokeMethod(MetaClassImpl.java:1213)
	at groovy.lang.MetaClassImpl.invokeMethod(MetaClassImpl.java:1022)
	at groovy.lang.MetaClassImpl.invokeMethod(MetaClassImpl.java:810)
	at io.restassured.internal.RequestSpecificationImpl.invokeMethod(RequestSpecificationImpl.groovy)
	at org.codehaus.groovy.runtime.callsite.PogoInterceptableSite.call(PogoInterceptableSite.java:48)
	at org.codehaus.groovy.runtime.callsite.PogoInterceptableSite.callCurrent(PogoInterceptableSite.java:58)
	at org.codehaus.groovy.runtime.callsite.AbstractCallSite.callCurrent(AbstractCallSite.java:182)
	at io.restassured.internal.RequestSpecificationImpl.applyPathParamsAndSendRequest(RequestSpecificationImpl.groovy:1750)
	at java.base/jdk.internal.reflect.NativeMethodAccessorImpl.invoke0(Native Method)
	at java.base/jdk.internal.reflect.NativeMethodAccessorImpl.invoke(NativeMethodAccessorImpl.java:62)
	at java.base/jdk.internal.reflect.DelegatingMethodAccessorImpl.invoke(DelegatingMethodAccessorImpl.java:43)
	at java.base/java.lang.reflect.Method.invoke(Method.java:564)
	at org.codehaus.groovy.reflection.CachedMethod.invoke(CachedMethod.java:93)
	at groovy.lang.MetaMethod.doMethodInvoke(MetaMethod.java:325)
	at groovy.lang.MetaClassImpl.invokeMethod(MetaClassImpl.java:1213)
	at groovy.lang.MetaClassImpl.invokeMethod(MetaClassImpl.java:1022)
	at groovy.lang.MetaClassImpl.invokeMethod(MetaClassImpl.java:810)
	at io.restassured.internal.RequestSpecificationImpl.invokeMethod(RequestSpecificationImpl.groovy)
	at org.codehaus.groovy.runtime.callsite.PogoInterceptableSite.call(PogoInterceptableSite.java:48)
	at org.codehaus.groovy.runtime.callsite.PogoInterceptableSite.callCurrent(PogoInterceptableSite.java:58)
	at org.codehaus.groovy.runtime.callsite.AbstractCallSite.callCurrent(AbstractCallSite.java:182)
	at io.restassured.internal.RequestSpecificationImpl.post(RequestSpecificationImpl.groovy:175)
	at io.restassured.internal.RequestSpecificationImpl.post(RequestSpecificationImpl.groovy)
	at com.twitterapi.functionality.SendDirectMessageTest.sendDirectMessage(SendDirectMessageTest.java:25)
</failure>
    <system-out><![CDATA[11:48:04.500 [main] INFO  com.twitterapi.base.BaseLoader - ================================================================
11:48:04.500 [main] INFO  com.twitterapi.base.BaseLoader - Now Executing :com.twitterapi.base.BaseLoader
]]></system-out>
  </testcase>
  <testcase name="getFollowersList" classname="com.twitterapi.functionality.FriendListTest" time="0.045">
    <failure message="api.twitter.com" type="java.net.UnknownHostException">java.net.UnknownHostException: api.twitter.com
	at java.base/java.net.InetAddress$CachedAddresses.get(InetAddress.java:793)
	at java.base/java.net.InetAddress.getAllByName0(InetAddress.java:1495)
	at java.base/java.net.InetAddress.getAllByName(InetAddress.java:1354)
	at java.base/java.net.InetAddress.getAllByName(InetAddress.java:1288)
	at org.apache.http.impl.conn.SystemDefaultDnsResolver.resolve(SystemDefaultDnsResolver.java:45)
	at org.apache.http.impl.conn.DefaultClientConnectionOperator.resolveHostname(DefaultClientConnectionOperator.java:263)
	at org.apache.http.impl.conn.DefaultClientConnectionOperator.openConnection(DefaultClientConnectionOperator.java:162)
	at org.apache.http.impl.conn.ManagedClientConnectionImpl.open(ManagedClientConnectionImpl.java:326)
	at org.apache.http.impl.client.DefaultRequestDirector.tryConnect(DefaultRequestDirector.java:610)
	at org.apache.http.impl.client.DefaultRequestDirector.execute(DefaultRequestDirector.java:445)
	at org.apache.http.impl.client.AbstractHttpClient.doExecute(AbstractHttpClient.java:835)
	at org.apache.http.impl.client.CloseableHttpClient.execute(CloseableHttpClient.java:83)
	at org.apache.http.impl.client.CloseableHttpClient.execute(CloseableHttpClient.java:56)
	at org.apache.http.client.HttpClient$execute$0.call(Unknown Source)
	at org.codehaus.groovy.runtime.callsite.CallSiteArray.defaultCall(CallSiteArray.java:48)
	at org.apache.http.client.HttpClient$execute$0.call(Unknown Source)
	at io.restassured.internal.RequestSpecificationImpl$RestAssuredHttpBuilder.doRequest(RequestSpecificationImpl.groovy:2141)
	at io.restassured.internal.http.HTTPBuilder.doRequest(HTTPBuilder.java:494)
	at io.restassured.internal.http.HTTPBuilder.request(HTTPBuilder.java:451)
	at io.restassured.internal.http.HTTPBuilder$request$3.call(Unknown Source)
	at io.restassured.internal.RequestSpecificationImpl.sendHttpRequest(RequestSpecificationImpl.groovy:1544)
	at java.base/jdk.internal.reflect.NativeMethodAccessorImpl.invoke0(Native Method)
	at java.base/jdk.internal.reflect.NativeMethodAccessorImpl.invoke(NativeMethodAccessorImpl.java:62)
	at java.base/jdk.internal.reflect.DelegatingMethodAccessorImpl.invoke(DelegatingMethodAccessorImpl.java:43)
	at java.base/java.lang.reflect.Method.invoke(Method.java:564)
	at org.codehaus.groovy.reflection.CachedMethod.invoke(CachedMethod.java:93)
	at groovy.lang.MetaMethod.doMethodInvoke(MetaMethod.java:325)
	at groovy.lang.MetaClassImpl.invokeMethod(MetaClassImpl.java:1213)
	at groovy.lang.MetaClassImpl.invokeMethod(MetaClassImpl.java:1022)
	at groovy.lang.MetaClassImpl.invokeMethod(MetaClassImpl.java:810)
	at io.restassured.internal.RequestSpecificationImpl.invokeMethod(RequestSpecificationImpl.groovy)
	at org.codehaus.groovy.runtime.callsite.PogoInterceptableSite.call(PogoInterceptableSite.java:48)
	at org.codehaus.groovy.runtime.callsite.PogoInterceptableSite.callCurrent(PogoInterceptableSite.java:58)
	at io.restassured.internal.RequestSpecificationImpl.sendRequest(RequestSpecificationImpl.groovy:1293)
	at java.base/jdk.internal.reflect.NativeMethodAccessorImpl.invoke0(Native Method)
	at java.base/jdk.internal.reflect.NativeMethodAccessorImpl.invoke(NativeMethodAccessorImpl.java:62)
	at java.base/jdk.internal.reflect.DelegatingMethodAccessorImpl.invoke(DelegatingMethodAccessorImpl.java:43)
	at java.base/java.lang.reflect.Method.invoke(Method.java:564)
	at org.codehaus.groovy.reflection.CachedMethod.invoke(CachedMethod.java:93)
	at groovy.lang.MetaMethod.doMethodInvoke(MetaMethod.java:325)
	at groovy.lang.MetaClassImpl.invokeMethod(MetaClassImpl.java:1213)
	at groovy.lang.MetaClassImpl.invokeMethod(MetaClassImpl.java:1022)
	at groovy.lang.MetaClassImpl.invokeMethod(MetaClassImpl.java:810)
	at io.restassured.internal.RequestSpecificationImpl.invokeMethod(RequestSpecificationImpl.groovy)
	at org.codehaus.groovy.runtime.callsite.PogoInterceptableSite.call(PogoInterceptableSite.java:48)
	at org.codehaus.groovy.runtime.callsite.AbstractCallSite.call(AbstractCallSite.java:149)
	at io.restassured.internal.filter.SendRequestFilter.filter(SendRequestFilter.groovy:30)
	at io.restassured.filter.Filter$filter$0.call(Unknown Source)
	at org.codehaus.groovy.runtime.callsite.CallSiteArray.defaultCall(CallSiteArray.java:48)
	at io.restassured.filter.Filter$filter.call(Unknown Source)
	at io.restassured.internal.filter.FilterContextImpl.next(FilterContextImpl.groovy:72)
	at io.restassured.filter.time.TimingFilter.filter(TimingFilter.java:56)
	at io.restassured.filter.Filter$filter.call(Unknown Source)
	at org.codehaus.groovy.runtime.callsite.CallSiteArray.defaultCall(CallSiteArray.java:48)
	at io.restassured.filter.Filter$filter$0.call(Unknown Source)
	at io.restassured.internal.filter.FilterContextImpl.next(FilterContextImpl.groovy:72)
	at io.restassured.filter.FilterContext$next.call(Unknown Source)
	at io.restassured.internal.RequestSpecificationImpl.applyPathParamsAndSendRequest(RequestSpecificationImpl.groovy:1744)
	at java.base/jdk.internal.reflect.NativeMethodAccessorImpl.invoke0(Native Method)
	at java.base/jdk.internal.reflect.NativeMethodAccessorImpl.invoke(NativeMethodAccessorImpl.java:62)
	at java.base/jdk.internal.reflect.DelegatingMethodAccessorImpl.invoke(DelegatingMethodAccessorImpl.java:43)
	at java.base/java.lang.reflect.Method.invoke(Method.java:564)
	at org.codehaus.groovy.reflection.CachedMethod.invoke(CachedMethod.java:93)
	at groovy.lang.MetaMethod.doMethodInvoke(MetaMethod.java:325)
	at groovy.lang.MetaClassImpl.invokeMethod(MetaClassImpl.java:1213)
	at groovy.lang.MetaClassImpl.invokeMethod(MetaClassImpl.java:1022)
	at groovy.lang.MetaClassImpl.invokeMethod(MetaClassImpl.java:810)
	at io.restassured.internal.RequestSpecificationImpl.invokeMethod(RequestSpecificationImpl.groovy)
	at org.codehaus.groovy.runtime.callsite.PogoInterceptableSite.call(PogoInterceptableSite.java:48)
	at org.codehaus.groovy.runtime.callsite.PogoInterceptableSite.callCurrent(PogoInterceptableSite.java:58)
	at org.codehaus.groovy.runtime.callsite.AbstractCallSite.callCurrent(AbstractCallSite.java:182)
	at io.restassured.internal.RequestSpecificationImpl.applyPathParamsAndSendRequest(RequestSpecificationImpl.groovy:1750)
	at java.base/jdk.internal.reflect.NativeMethodAccessorImpl.invoke0(Native Method)
	at java.base/jdk.internal.reflect.NativeMethodAccessorImpl.invoke(NativeMethodAccessorImpl.java:62)
	at java.base/jdk.internal.reflect.DelegatingMethodAccessorImpl.invoke(DelegatingMethodAccessorImpl.java:43)
	at java.base/java.lang.reflect.Method.invoke(Method.java:564)
	at org.codehaus.groovy.reflection.CachedMethod.invoke(CachedMethod.java:93)
	at groovy.lang.MetaMethod.doMethodInvoke(MetaMethod.java:325)
	at groovy.lang.MetaClassImpl.invokeMethod(MetaClassImpl.java:1213)
	at groovy.lang.MetaClassImpl.invokeMethod(MetaClassImpl.java:1022)
	at groovy.lang.MetaClassImpl.invokeMethod(MetaClassImpl.java:810)
	at io.restassured.internal.RequestSpecificationImpl.invokeMethod(RequestSpecificationImpl.groovy)
	at org.codehaus.groovy.runtime.callsite.PogoInterceptableSite.call(PogoInterceptableSite.java:48)
	at org.codehaus.groovy.runtime.callsite.PogoInterceptableSite.callCurrent(PogoInterceptableSite.java:58)
	at org.codehaus.groovy.runtime.callsite.AbstractCallSite.callCurrent(AbstractCallSite.java:182)
	at io.restassured.internal.RequestSpecificationImpl.get(RequestSpecificationImpl.groovy:171)
	at io.restassured.internal.RequestSpecificationImpl.get(RequestSpecificationImpl.groovy)
	at com.twitterapi.functionality.FriendListTest.getFollowersList(FriendListTest.java:24)
</failure>
    <system-out><![CDATA[11:48:04.530 [main] INFO  com.twitterapi.base.BaseLoader - ================================================================
11:48:04.530 [main] INFO  com.twitterapi.base.BaseLoader - Now Executing :com.twitterapi.base.BaseLoader
]]></system-out>
  </testcase>
</testsuite>