<?xml version="1.0" encoding="UTF-8"?>
<!-- Generated by org.testng.reporters.JUnitReportReporter -->
<testsuite skipped="0" hostname="Pauus-PC" name="com.twitterapi.functionality.CreateTweetTest" tests="1" failures="0" timestamp="19 Feb 2020 22:12:32 GMT" time="2.986" errors="0">
  <testcase name="createTweet" time="2.986" classname="com.twitterapi.functionality.CreateTweetTest"/>
</testsuite> <!-- com.twitterapi.functionality.CreateTweetTest -->
