<?xml version="1.0" encoding="UTF-8"?>
<!-- Generated by org.testng.reporters.JUnitReportReporter -->
<testsuite skipped="0" hostname="Pauus-PC" name="com.twitterapi.functionality.FriendListTest" tests="1" failures="0" timestamp="19 Feb 2020 22:12:32 GMT" time="0.398" errors="0">
  <testcase name="getFollowersList" time="0.398" classname="com.twitterapi.functionality.FriendListTest"/>
</testsuite> <!-- com.twitterapi.functionality.FriendListTest -->
