<?xml version="1.0" encoding="UTF-8"?>
<!-- Generated by org.testng.reporters.JUnitReportReporter -->
<testsuite skipped="0" hostname="Pauus-PC" name="com.twitterapi.functionality.SendDirectMessageTest" tests="1" failures="0" timestamp="19 Feb 2020 22:12:32 GMT" time="0.363" errors="0">
  <testcase name="sendDirectMessage" time="0.363" classname="com.twitterapi.functionality.SendDirectMessageTest"/>
</testsuite> <!-- com.twitterapi.functionality.SendDirectMessageTest -->
