<?xml version="1.0" encoding="UTF-8"?>
<!-- Generated by org.testng.reporters.JUnitReportReporter -->
<testsuite hostname="Pauus-PC" failures="0" tests="1" name="com.twitterapi.functionality.CreateTweetTest" time="6.106" errors="0" timestamp="06 Mar 2020 15:08:10 GMT" skipped="0">
  <testcase classname="com.twitterapi.functionality.CreateTweetTest" name="createTweet" time="6.106"/>
</testsuite> <!-- com.twitterapi.functionality.CreateTweetTest -->
