<?xml version="1.0" encoding="UTF-8"?>
<!-- Generated by org.testng.reporters.JUnitReportReporter -->
<testsuite hostname="Pauus-PC" failures="0" tests="1" name="com.twitterapi.functionality.FriendListTest" time="0.531" errors="0" timestamp="06 Mar 2020 15:08:10 GMT" skipped="0">
  <testcase classname="com.twitterapi.functionality.FriendListTest" name="getFollowersList" time="0.531"/>
</testsuite> <!-- com.twitterapi.functionality.FriendListTest -->
